<?xml version="1.0" encoding="UTF-8"?>
<testsuite xmlns:xsi="http://www.w3.org/2001/XMLSchema-instance" xsi:noNamespaceSchemaLocation="https://maven.apache.org/surefire/maven-surefire-plugin/xsd/surefire-test-report-3.0.xsd" version="3.0" name="de.bkbocholt.model.UserTest" time="0.057" tests="12" errors="0" skipped="0" failures="0">
  <properties>
    <property name="java.specification.version" value="23"/>
    <property name="sun.jnu.encoding" value="UTF-8"/>
    <property name="java.class.path" value="/home/ewan/ticketsystem/softwareTicketSystemJEFLN/target/test-classes:/home/ewan/.m2/repository/org/openjfx/javafx-controls/22.0.1/javafx-controls-22.0.1.jar:/home/ewan/.m2/repository/org/openjfx/javafx-graphics/22.0.1/javafx-graphics-22.0.1.jar:/home/ewan/.m2/repository/org/openjfx/javafx-base/22.0.1/javafx-base-22.0.1.jar:/home/ewan/.m2/repository/org/openjfx/javafx-fxml/22.0.1/javafx-fxml-22.0.1.jar:/home/ewan/.m2/repository/org/junit/jupiter/junit-jupiter-api/5.10.2/junit-jupiter-api-5.10.2.jar:/home/ewan/.m2/repository/org/opentest4j/opentest4j/1.3.0/opentest4j-1.3.0.jar:/home/ewan/.m2/repository/org/junit/platform/junit-platform-commons/1.10.2/junit-platform-commons-1.10.2.jar:/home/ewan/.m2/repository/org/apiguardian/apiguardian-api/1.1.2/apiguardian-api-1.1.2.jar:/home/ewan/.m2/repository/org/junit/jupiter/junit-jupiter-engine/5.10.2/junit-jupiter-engine-5.10.2.jar:/home/ewan/.m2/repository/org/junit/platform/junit-platform-engine/1.10.2/junit-platform-engine-1.10.2.jar:"/>
    <property name="java.vm.vendor" value="Arch Linux"/>
    <property name="sun.arch.data.model" value="64"/>
    <property name="java.vendor.url" value="https://openjdk.org/"/>
    <property name="os.name" value="Linux"/>
    <property name="java.vm.specification.version" value="23"/>
    <property name="sun.java.launcher" value="SUN_STANDARD"/>
    <property name="user.country" value="US"/>
    <property name="sun.boot.library.path" value="/usr/lib/jvm/java-23-openjdk/lib"/>
    <property name="sun.java.command" value="org.apache.maven.surefire.booter.ForkedBooter /home/ewan/ticketsystem/softwareTicketSystemJEFLN/target/surefire 2025-02-03T00-15-40_631-jvmRun1 surefire-20250203001541119_1tmp surefire_0-20250203001541119_2tmp"/>
    <property name="jdk.debug" value="release"/>
    <property name="surefire.test.class.path" value="/home/ewan/ticketsystem/softwareTicketSystemJEFLN/target/test-classes:/home/ewan/.m2/repository/org/openjfx/javafx-controls/22.0.1/javafx-controls-22.0.1.jar:/home/ewan/.m2/repository/org/openjfx/javafx-graphics/22.0.1/javafx-graphics-22.0.1.jar:/home/ewan/.m2/repository/org/openjfx/javafx-base/22.0.1/javafx-base-22.0.1.jar:/home/ewan/.m2/repository/org/openjfx/javafx-fxml/22.0.1/javafx-fxml-22.0.1.jar:/home/ewan/.m2/repository/org/junit/jupiter/junit-jupiter-api/5.10.2/junit-jupiter-api-5.10.2.jar:/home/ewan/.m2/repository/org/opentest4j/opentest4j/1.3.0/opentest4j-1.3.0.jar:/home/ewan/.m2/repository/org/junit/platform/junit-platform-commons/1.10.2/junit-platform-commons-1.10.2.jar:/home/ewan/.m2/repository/org/apiguardian/apiguardian-api/1.1.2/apiguardian-api-1.1.2.jar:/home/ewan/.m2/repository/org/junit/jupiter/junit-jupiter-engine/5.10.2/junit-jupiter-engine-5.10.2.jar:/home/ewan/.m2/repository/org/junit/platform/junit-platform-engine/1.10.2/junit-platform-engine-1.10.2.jar:"/>
    <property name="sun.cpu.endian" value="little"/>
    <property name="user.home" value="/home/ewan"/>
    <property name="user.language" value="en"/>
    <property name="java.specification.vendor" value="Oracle Corporation"/>
    <property name="jdk.module.path" value="/home/ewan/ticketsystem/softwareTicketSystemJEFLN/target/classes:/home/ewan/.m2/repository/com/fasterxml/jackson/core/jackson-databind/2.16.0/jackson-databind-2.16.0.jar:/home/ewan/.m2/repository/com/fasterxml/jackson/core/jackson-annotations/2.16.0/jackson-annotations-2.16.0.jar:/home/ewan/.m2/repository/org/openjfx/javafx-controls/22.0.1/javafx-controls-22.0.1-linux.jar:/home/ewan/.m2/repository/org/openjfx/javafx-graphics/22.0.1/javafx-graphics-22.0.1-linux.jar:/home/ewan/.m2/repository/org/openjfx/javafx-base/22.0.1/javafx-base-22.0.1-linux.jar:/home/ewan/.m2/repository/org/openjfx/javafx-fxml/22.0.1/javafx-fxml-22.0.1-linux.jar:/home/ewan/.m2/repository/com/fasterxml/jackson/core/jackson-core/2.16.0/jackson-core-2.16.0.jar:/home/ewan/.m2/repository/org/json/json/20151123/json-20151123.jar"/>
    <property name="java.version.date" value="2024-09-17"/>
    <property name="java.home" value="/usr/lib/jvm/java-23-openjdk"/>
    <property name="file.separator" value="/"/>
    <property name="basedir" value="/home/ewan/ticketsystem/softwareTicketSystemJEFLN"/>
    <property name="java.vm.compressedOopsMode" value="32-bit"/>
    <property name="line.separator" value="&#10;"/>
    <property name="java.specification.name" value="Java Platform API Specification"/>
    <property name="java.vm.specification.vendor" value="Oracle Corporation"/>
    <property name="surefire.real.class.path" value="/home/ewan/.m2/repository/org/apache/maven/surefire/surefire-booter/3.2.5/surefire-booter-3.2.5.jar:/home/ewan/.m2/repository/org/apache/maven/surefire/surefire-api/3.2.5/surefire-api-3.2.5.jar:/home/ewan/.m2/repository/org/apache/maven/surefire/surefire-logger-api/3.2.5/surefire-logger-api-3.2.5.jar:/home/ewan/.m2/repository/org/apache/maven/surefire/surefire-shared-utils/3.2.5/surefire-shared-utils-3.2.5.jar:/home/ewan/.m2/repository/org/apache/maven/surefire/surefire-extensions-spi/3.2.5/surefire-extensions-spi-3.2.5.jar:/home/ewan/ticketsystem/softwareTicketSystemJEFLN/target/test-classes:/home/ewan/.m2/repository/org/openjfx/javafx-controls/22.0.1/javafx-controls-22.0.1.jar:/home/ewan/.m2/repository/org/openjfx/javafx-graphics/22.0.1/javafx-graphics-22.0.1.jar:/home/ewan/.m2/repository/org/openjfx/javafx-base/22.0.1/javafx-base-22.0.1.jar:/home/ewan/.m2/repository/org/openjfx/javafx-fxml/22.0.1/javafx-fxml-22.0.1.jar:/home/ewan/.m2/repository/org/junit/jupiter/junit-jupiter-api/5.10.2/junit-jupiter-api-5.10.2.jar:/home/ewan/.m2/repository/org/opentest4j/opentest4j/1.3.0/opentest4j-1.3.0.jar:/home/ewan/.m2/repository/org/junit/platform/junit-platform-commons/1.10.2/junit-platform-commons-1.10.2.jar:/home/ewan/.m2/repository/org/apiguardian/apiguardian-api/1.1.2/apiguardian-api-1.1.2.jar:/home/ewan/.m2/repository/org/junit/jupiter/junit-jupiter-engine/5.10.2/junit-jupiter-engine-5.10.2.jar:/home/ewan/.m2/repository/org/junit/platform/junit-platform-engine/1.10.2/junit-platform-engine-1.10.2.jar:/home/ewan/.m2/repository/org/apache/maven/surefire/surefire-junit-platform/3.2.5/surefire-junit-platform-3.2.5.jar:/home/ewan/.m2/repository/org/apache/maven/surefire/common-java5/3.2.5/common-java5-3.2.5.jar:/home/ewan/.m2/repository/org/junit/platform/junit-platform-launcher/1.10.2/junit-platform-launcher-1.10.2.jar"/>
    <property name="sun.management.compiler" value="HotSpot 64-Bit Tiered Compilers"/>
    <property name="java.runtime.version" value="23.0.1"/>
    <property name="user.name" value="ewan"/>
    <property name="stdout.encoding" value="UTF-8"/>
    <property name="path.separator" value=":"/>
    <property name="os.version" value="6.12.9-arch1-1"/>
    <property name="java.runtime.name" value="OpenJDK Runtime Environment"/>
    <property name="file.encoding" value="UTF-8"/>
    <property name="java.vm.name" value="OpenJDK 64-Bit Server VM"/>
    <property name="localRepository" value="/home/ewan/.m2/repository"/>
    <property name="java.vendor.url.bug" value="https://bugreport.java.com/bugreport/"/>
    <property name="java.io.tmpdir" value="/tmp"/>
    <property name="java.version" value="23.0.1"/>
    <property name="user.dir" value="/home/ewan/ticketsystem/softwareTicketSystemJEFLN"/>
    <property name="os.arch" value="amd64"/>
    <property name="java.vm.specification.name" value="Java Virtual Machine Specification"/>
    <property name="native.encoding" value="UTF-8"/>
    <property name="java.library.path" value="/usr/java/packages/lib:/usr/lib64:/lib64:/lib:/usr/lib"/>
    <property name="java.vm.info" value="mixed mode"/>
    <property name="stderr.encoding" value="UTF-8"/>
    <property name="java.vendor" value="Arch Linux"/>
    <property name="java.vm.version" value="23.0.1"/>
    <property name="sun.io.unicode.encoding" value="UnicodeLittle"/>
    <property name="java.class.version" value="67.0"/>
  </properties>
  <testcase name="setPassword" classname="de.bkbocholt.model.UserTest" time="0.015"/>
  <testcase name="getPassword" classname="de.bkbocholt.model.UserTest" time="0.001"/>
  <testcase name="getFirstName" classname="de.bkbocholt.model.UserTest" time="0.001"/>
  <testcase name="setLastName" classname="de.bkbocholt.model.UserTest" time="0.001"/>
  <testcase name="getLastName" classname="de.bkbocholt.model.UserTest" time="0.001"/>
  <testcase name="setUserID" classname="de.bkbocholt.model.UserTest" time="0.001"/>
  <testcase name="getUserID" classname="de.bkbocholt.model.UserTest" time="0.0"/>
  <testcase name="getUserSystemPath" classname="de.bkbocholt.model.UserTest" time="0.001"/>
  <testcase name="seteMail" classname="de.bkbocholt.model.UserTest" time="0.0"/>
  <testcase name="setFirstName" classname="de.bkbocholt.model.UserTest" time="0.001"/>
  <testcase name="getLastUserID" classname="de.bkbocholt.model.UserTest" time="0.001"/>
  <testcase name="geteMail" classname="de.bkbocholt.model.UserTest" time="0.0"/>
</testsuite>